21:49:16 INFO  : Registering command handlers for SDK TCF services
21:49:19 INFO  : Launching XSCT server: xsct -n -interactive /home/francesco/Desktop/lab1/lab1/lab1.sdk/temp_xsdb_launch_script.tcl
21:49:20 INFO  : XSCT server has started successfully.
21:49:20 INFO  : Successfully done setting XSCT server connection channel  
21:49:20 INFO  : Successfully done setting SDK workspace  
21:49:20 INFO  : Processing command line option -hwspec /home/francesco/Desktop/lab1/lab1/lab1.sdk/system_wrapper.hdf.
21:56:23 INFO  : Connected to target on host '127.0.0.1' and port '3121'.
22:03:31 ERROR : Failed to connect to hardware server on host '186.19.137.18' and port '3121'.
Reason: Connection timed out
22:04:48 INFO  : Connected to target on host 'lseserver.ddns.net' and port '3121'.
22:06:12 INFO  : Connected through redirection to target on host 'lseserver.ddns.net' and port '3121'.
22:06:13 WARN  : SDK version '2018.1' doesn't match hw_server version '2022.1'. Some debug features may not work.
22:06:22 INFO  : Jtag cable 'Digilent Arty Z7 003017A4C81CA' is selected.
22:06:22 INFO  : 'jtag frequency' command is executed.
22:06:22 INFO  : Sourcing of '/home/francesco/Desktop/lab1/lab1/lab1.sdk/system_wrapper_hw_platform_0/ps7_init.tcl' is done.
22:06:23 INFO  : Context for 'APU' is selected.
22:06:23 INFO  : Hardware design information is loaded from '/home/francesco/Desktop/lab1/lab1/lab1.sdk/system_wrapper_hw_platform_0/system.hdf'.
22:06:23 INFO  : 'configparams force-mem-access 1' command is executed.
22:06:23 INFO  : Context for 'APU' is selected.
22:06:23 INFO  : 'stop' command is executed.
22:06:34 INFO  : 'ps7_init' command is executed.
22:06:34 INFO  : 'ps7_post_config' command is executed.
22:06:34 INFO  : Context for processor 'ps7_cortexa9_0' is selected.
22:06:35 INFO  : Processor reset is completed for 'ps7_cortexa9_0'.
22:06:35 INFO  : Context for processor 'ps7_cortexa9_0' is selected.
22:06:35 INFO  : The application '/home/francesco/Desktop/lab1/lab1/lab1.sdk/mem_test/Debug/mem_test.elf' is downloaded to processor 'ps7_cortexa9_0'.
22:06:35 INFO  : 'configparams force-mem-access 0' command is executed.
22:06:35 INFO  : ----------------XSDB Script----------------
connect -path [list tcp::1534 tcp:lseserver.ddns.net:3121]
source /home/francesco/Desktop/lab1/lab1/lab1.sdk/system_wrapper_hw_platform_0/ps7_init.tcl
targets -set -nocase -filter {name =~"APU*" && jtag_cable_name =~ "Digilent Arty Z7 003017A4C81CA"} -index 0
loadhw -hw /home/francesco/Desktop/lab1/lab1/lab1.sdk/system_wrapper_hw_platform_0/system.hdf -mem-ranges [list {0x40000000 0xbfffffff}]
configparams force-mem-access 1
targets -set -nocase -filter {name =~"APU*" && jtag_cable_name =~ "Digilent Arty Z7 003017A4C81CA"} -index 0
stop
ps7_init
ps7_post_config
targets -set -nocase -filter {name =~ "ARM*#0" && jtag_cable_name =~ "Digilent Arty Z7 003017A4C81CA"} -index 0
rst -processor
targets -set -nocase -filter {name =~ "ARM*#0" && jtag_cable_name =~ "Digilent Arty Z7 003017A4C81CA"} -index 0
dow /home/francesco/Desktop/lab1/lab1/lab1.sdk/mem_test/Debug/mem_test.elf
configparams force-mem-access 0
----------------End of Script----------------

22:06:35 INFO  : Context for processor 'ps7_cortexa9_0' is selected.
22:06:35 INFO  : 'con' command is executed.
22:06:35 INFO  : ----------------XSDB Script (After Launch)----------------
targets -set -nocase -filter {name =~ "ARM*#0" && jtag_cable_name =~ "Digilent Arty Z7 003017A4C81CA"} -index 0
con
----------------End of Script----------------

22:06:35 INFO  : Launch script is exported to file '/home/francesco/Desktop/lab1/lab1/lab1.sdk/.sdk/launch_scripts/xilinx_c-c++_application_(system_debugger)/system_debugger_using_debug_mem_test.elf_on_local.tcl'
22:09:31 INFO  : Disconnected from the channel tcfchan#3.
22:09:32 INFO  : Connected through redirection to target on host 'lseserver.ddns.net' and port '3121'.
22:09:33 WARN  : SDK version '2018.1' doesn't match hw_server version '2022.1'. Some debug features may not work.
22:09:35 INFO  : Jtag cable 'Digilent Arty Z7 003017A4C81CA' is selected.
22:09:35 INFO  : 'jtag frequency' command is executed.
22:09:35 INFO  : Sourcing of '/home/francesco/Desktop/lab1/lab1/lab1.sdk/system_wrapper_hw_platform_0/ps7_init.tcl' is done.
22:09:35 INFO  : Context for 'APU' is selected.
22:09:36 INFO  : Hardware design information is loaded from '/home/francesco/Desktop/lab1/lab1/lab1.sdk/system_wrapper_hw_platform_0/system.hdf'.
22:09:36 INFO  : 'configparams force-mem-access 1' command is executed.
22:09:36 INFO  : Context for 'APU' is selected.
22:09:37 INFO  : 'stop' command is executed.
22:09:49 INFO  : 'ps7_init' command is executed.
22:09:49 INFO  : 'ps7_post_config' command is executed.
22:09:49 INFO  : Context for processor 'ps7_cortexa9_0' is selected.
22:09:49 INFO  : Processor reset is completed for 'ps7_cortexa9_0'.
22:09:49 INFO  : Context for processor 'ps7_cortexa9_0' is selected.
22:09:50 INFO  : The application '/home/francesco/Desktop/lab1/lab1/lab1.sdk/mem_test/Debug/mem_test.elf' is downloaded to processor 'ps7_cortexa9_0'.
22:09:50 INFO  : 'configparams force-mem-access 0' command is executed.
22:09:50 INFO  : ----------------XSDB Script----------------
connect -path [list tcp::1534 tcp:lseserver.ddns.net:3121]
source /home/francesco/Desktop/lab1/lab1/lab1.sdk/system_wrapper_hw_platform_0/ps7_init.tcl
targets -set -nocase -filter {name =~"APU*" && jtag_cable_name =~ "Digilent Arty Z7 003017A4C81CA"} -index 0
loadhw -hw /home/francesco/Desktop/lab1/lab1/lab1.sdk/system_wrapper_hw_platform_0/system.hdf -mem-ranges [list {0x40000000 0xbfffffff}]
configparams force-mem-access 1
targets -set -nocase -filter {name =~"APU*" && jtag_cable_name =~ "Digilent Arty Z7 003017A4C81CA"} -index 0
stop
ps7_init
ps7_post_config
targets -set -nocase -filter {name =~ "ARM*#0" && jtag_cable_name =~ "Digilent Arty Z7 003017A4C81CA"} -index 0
rst -processor
targets -set -nocase -filter {name =~ "ARM*#0" && jtag_cable_name =~ "Digilent Arty Z7 003017A4C81CA"} -index 0
dow /home/francesco/Desktop/lab1/lab1/lab1.sdk/mem_test/Debug/mem_test.elf
configparams force-mem-access 0
----------------End of Script----------------

22:09:50 INFO  : Context for processor 'ps7_cortexa9_0' is selected.
22:09:50 INFO  : 'con' command is executed.
22:09:50 INFO  : ----------------XSDB Script (After Launch)----------------
targets -set -nocase -filter {name =~ "ARM*#0" && jtag_cable_name =~ "Digilent Arty Z7 003017A4C81CA"} -index 0
con
----------------End of Script----------------

22:09:50 INFO  : Launch script is exported to file '/home/francesco/Desktop/lab1/lab1/lab1.sdk/.sdk/launch_scripts/xilinx_c-c++_application_(system_debugger)/system_debugger_using_debug_mem_test.elf_on_local.tcl'
22:10:50 INFO  : Connected to target on host '127.0.0.1' and port '3121'.
22:11:08 INFO  : ----------------XSDB Script----------------
connect -url tcp:127.0.0.1:3121
----------------End of Script----------------

22:11:29 INFO  : Disconnected from the channel tcfchan#4.
22:11:30 INFO  : Connected through redirection to target on host 'lseserver.ddns.net' and port '3121'.
22:11:31 WARN  : SDK version '2018.1' doesn't match hw_server version '2022.1'. Some debug features may not work.
22:11:33 INFO  : Jtag cable 'Digilent Arty Z7 003017A4C81CA' is selected.
22:11:33 INFO  : 'jtag frequency' command is executed.
22:11:33 INFO  : Sourcing of '/home/francesco/Desktop/lab1/lab1/lab1.sdk/system_wrapper_hw_platform_0/ps7_init.tcl' is done.
22:11:33 INFO  : Context for 'APU' is selected.
22:11:35 INFO  : Hardware design information is loaded from '/home/francesco/Desktop/lab1/lab1/lab1.sdk/system_wrapper_hw_platform_0/system.hdf'.
22:11:35 INFO  : 'configparams force-mem-access 1' command is executed.
22:11:35 INFO  : Context for 'APU' is selected.
22:11:35 INFO  : 'stop' command is executed.
22:11:47 INFO  : 'ps7_init' command is executed.
22:11:47 INFO  : 'ps7_post_config' command is executed.
22:11:47 INFO  : Context for processor 'ps7_cortexa9_0' is selected.
22:11:47 INFO  : Processor reset is completed for 'ps7_cortexa9_0'.
22:11:47 INFO  : Context for processor 'ps7_cortexa9_0' is selected.
22:11:48 INFO  : The application '/home/francesco/Desktop/lab1/lab1/lab1.sdk/mem_test/Debug/mem_test.elf' is downloaded to processor 'ps7_cortexa9_0'.
22:11:48 INFO  : 'configparams force-mem-access 0' command is executed.
22:11:48 INFO  : ----------------XSDB Script----------------
connect -path [list tcp::1534 tcp:lseserver.ddns.net:3121]
source /home/francesco/Desktop/lab1/lab1/lab1.sdk/system_wrapper_hw_platform_0/ps7_init.tcl
targets -set -nocase -filter {name =~"APU*" && jtag_cable_name =~ "Digilent Arty Z7 003017A4C81CA"} -index 0
loadhw -hw /home/francesco/Desktop/lab1/lab1/lab1.sdk/system_wrapper_hw_platform_0/system.hdf -mem-ranges [list {0x40000000 0xbfffffff}]
configparams force-mem-access 1
targets -set -nocase -filter {name =~"APU*" && jtag_cable_name =~ "Digilent Arty Z7 003017A4C81CA"} -index 0
stop
ps7_init
ps7_post_config
targets -set -nocase -filter {name =~ "ARM*#0" && jtag_cable_name =~ "Digilent Arty Z7 003017A4C81CA"} -index 0
rst -processor
targets -set -nocase -filter {name =~ "ARM*#0" && jtag_cable_name =~ "Digilent Arty Z7 003017A4C81CA"} -index 0
dow /home/francesco/Desktop/lab1/lab1/lab1.sdk/mem_test/Debug/mem_test.elf
configparams force-mem-access 0
----------------End of Script----------------

22:11:48 INFO  : Context for processor 'ps7_cortexa9_0' is selected.
22:11:48 INFO  : 'con' command is executed.
22:11:48 INFO  : ----------------XSDB Script (After Launch)----------------
targets -set -nocase -filter {name =~ "ARM*#0" && jtag_cable_name =~ "Digilent Arty Z7 003017A4C81CA"} -index 0
con
----------------End of Script----------------

22:11:48 INFO  : Launch script is exported to file '/home/francesco/Desktop/lab1/lab1/lab1.sdk/.sdk/launch_scripts/xilinx_c-c++_application_(system_debugger)/system_debugger_using_debug_mem_test.elf_on_local.tcl'
22:18:04 INFO  : Disconnected from the channel tcfchan#5.
22:18:06 INFO  : Connected through redirection to target on host 'lseserver.ddns.net' and port '3121'.
22:18:06 WARN  : SDK version '2018.1' doesn't match hw_server version '2022.1'. Some debug features may not work.
22:19:18 INFO  : Jtag cable 'Digilent Arty Z7 003017A4C81CA' is selected.
22:19:18 INFO  : 'jtag frequency' command is executed.
22:19:18 INFO  : Sourcing of '/home/francesco/Desktop/lab1/lab1/lab1.sdk/system_wrapper_hw_platform_0/ps7_init.tcl' is done.
22:19:18 INFO  : Context for 'APU' is selected.
22:19:20 INFO  : Hardware design information is loaded from '/home/francesco/Desktop/lab1/lab1/lab1.sdk/system_wrapper_hw_platform_0/system.hdf'.
22:19:20 INFO  : 'configparams force-mem-access 1' command is executed.
22:19:20 INFO  : Context for 'APU' is selected.
22:19:20 INFO  : 'stop' command is executed.
22:19:36 INFO  : 'ps7_init' command is executed.
22:19:37 INFO  : 'ps7_post_config' command is executed.
22:19:37 INFO  : Context for processor 'ps7_cortexa9_0' is selected.
22:19:37 INFO  : Processor reset is completed for 'ps7_cortexa9_0'.
22:19:37 INFO  : Context for processor 'ps7_cortexa9_0' is selected.
22:19:38 INFO  : The application '/home/francesco/Desktop/lab1/lab1/lab1.sdk/mem_test/Debug/mem_test.elf' is downloaded to processor 'ps7_cortexa9_0'.
22:19:38 INFO  : 'configparams force-mem-access 0' command is executed.
22:19:38 INFO  : ----------------XSDB Script----------------
connect -path [list tcp::1534 tcp:lseserver.ddns.net:3121]
source /home/francesco/Desktop/lab1/lab1/lab1.sdk/system_wrapper_hw_platform_0/ps7_init.tcl
targets -set -nocase -filter {name =~"APU*" && jtag_cable_name =~ "Digilent Arty Z7 003017A4C81CA"} -index 0
loadhw -hw /home/francesco/Desktop/lab1/lab1/lab1.sdk/system_wrapper_hw_platform_0/system.hdf -mem-ranges [list {0x40000000 0xbfffffff}]
configparams force-mem-access 1
targets -set -nocase -filter {name =~"APU*" && jtag_cable_name =~ "Digilent Arty Z7 003017A4C81CA"} -index 0
stop
ps7_init
ps7_post_config
targets -set -nocase -filter {name =~ "ARM*#0" && jtag_cable_name =~ "Digilent Arty Z7 003017A4C81CA"} -index 0
rst -processor
targets -set -nocase -filter {name =~ "ARM*#0" && jtag_cable_name =~ "Digilent Arty Z7 003017A4C81CA"} -index 0
dow /home/francesco/Desktop/lab1/lab1/lab1.sdk/mem_test/Debug/mem_test.elf
configparams force-mem-access 0
----------------End of Script----------------

22:19:38 INFO  : Context for processor 'ps7_cortexa9_0' is selected.
22:19:38 INFO  : 'con' command is executed.
22:19:38 INFO  : ----------------XSDB Script (After Launch)----------------
targets -set -nocase -filter {name =~ "ARM*#0" && jtag_cable_name =~ "Digilent Arty Z7 003017A4C81CA"} -index 0
con
----------------End of Script----------------

22:19:38 INFO  : Launch script is exported to file '/home/francesco/Desktop/lab1/lab1/lab1.sdk/.sdk/launch_scripts/xilinx_c-c++_application_(system_debugger)/system_debugger_using_debug_mem_test.elf_on_local.tcl'
22:20:56 INFO  : Disconnected from the channel tcfchan#6.
20:46:51 INFO  : Registering command handlers for SDK TCF services
20:46:52 INFO  : Launching XSCT server: xsct -n -interactive /home/francesco/Desktop/lab1/lab1/lab1.sdk/temp_xsdb_launch_script.tcl
20:46:53 INFO  : XSCT server has started successfully.
20:46:53 INFO  : Successfully done setting XSCT server connection channel  
20:46:53 INFO  : Successfully done setting SDK workspace  
20:46:53 INFO  : Processing command line option -hwspec /home/francesco/Desktop/lab1/lab1/lab1.sdk/system_wrapper.hdf.
20:46:53 INFO  : Checking for hwspec changes in the project system_wrapper_hw_platform_0.
20:47:20 INFO  : Connected through redirection to target on host 'lseserver.ddns.net' and port '3121'.
20:47:22 WARN  : SDK version '2018.1' doesn't match hw_server version '2022.1'. Some debug features may not work.
20:47:24 INFO  : Jtag cable 'Digilent Arty Z7 003017A4C81CA' is selected.
20:47:24 INFO  : 'jtag frequency' command is executed.
20:47:24 INFO  : Sourcing of '/home/francesco/Desktop/lab1/lab1/lab1.sdk/system_wrapper_hw_platform_0/ps7_init.tcl' is done.
20:47:24 INFO  : Context for 'APU' is selected.
20:47:24 INFO  : Hardware design information is loaded from '/home/francesco/Desktop/lab1/lab1/lab1.sdk/system_wrapper_hw_platform_0/system.hdf'.
20:47:24 INFO  : 'configparams force-mem-access 1' command is executed.
20:47:25 INFO  : Context for 'APU' is selected.
20:47:25 INFO  : 'stop' command is executed.
20:47:39 INFO  : 'ps7_init' command is executed.
20:47:40 INFO  : 'ps7_post_config' command is executed.
20:47:40 INFO  : Context for processor 'ps7_cortexa9_0' is selected.
20:47:40 INFO  : Processor reset is completed for 'ps7_cortexa9_0'.
20:47:40 INFO  : Context for processor 'ps7_cortexa9_0' is selected.
20:47:40 INFO  : The application '/home/francesco/Desktop/lab1/lab1/lab1.sdk/mem_test/Debug/mem_test.elf' is downloaded to processor 'ps7_cortexa9_0'.
20:47:40 INFO  : 'configparams force-mem-access 0' command is executed.
20:47:40 INFO  : ----------------XSDB Script----------------
connect -path [list tcp::1534 tcp:lseserver.ddns.net:3121]
source /home/francesco/Desktop/lab1/lab1/lab1.sdk/system_wrapper_hw_platform_0/ps7_init.tcl
targets -set -nocase -filter {name =~"APU*" && jtag_cable_name =~ "Digilent Arty Z7 003017A4C81CA"} -index 0
loadhw -hw /home/francesco/Desktop/lab1/lab1/lab1.sdk/system_wrapper_hw_platform_0/system.hdf -mem-ranges [list {0x40000000 0xbfffffff}]
configparams force-mem-access 1
targets -set -nocase -filter {name =~"APU*" && jtag_cable_name =~ "Digilent Arty Z7 003017A4C81CA"} -index 0
stop
ps7_init
ps7_post_config
targets -set -nocase -filter {name =~ "ARM*#0" && jtag_cable_name =~ "Digilent Arty Z7 003017A4C81CA"} -index 0
rst -processor
targets -set -nocase -filter {name =~ "ARM*#0" && jtag_cable_name =~ "Digilent Arty Z7 003017A4C81CA"} -index 0
dow /home/francesco/Desktop/lab1/lab1/lab1.sdk/mem_test/Debug/mem_test.elf
configparams force-mem-access 0
----------------End of Script----------------

20:47:41 INFO  : Context for processor 'ps7_cortexa9_0' is selected.
20:47:41 INFO  : 'con' command is executed.
20:47:41 INFO  : ----------------XSDB Script (After Launch)----------------
targets -set -nocase -filter {name =~ "ARM*#0" && jtag_cable_name =~ "Digilent Arty Z7 003017A4C81CA"} -index 0
con
----------------End of Script----------------

20:47:41 INFO  : Launch script is exported to file '/home/francesco/Desktop/lab1/lab1/lab1.sdk/.sdk/launch_scripts/xilinx_c-c++_application_(system_debugger)/system_debugger_using_debug_mem_test.elf_on_local.tcl'
20:50:38 INFO  : Disconnected from the channel tcfchan#1.
20:50:39 INFO  : Connected through redirection to target on host 'lseserver.ddns.net' and port '3121'.
20:50:40 WARN  : SDK version '2018.1' doesn't match hw_server version '2022.1'. Some debug features may not work.
20:50:42 INFO  : Jtag cable 'Digilent Arty Z7 003017A4C81CA' is selected.
20:50:42 INFO  : 'jtag frequency' command is executed.
20:50:42 INFO  : Sourcing of '/home/francesco/Desktop/lab1/lab1/lab1.sdk/system_wrapper_hw_platform_0/ps7_init.tcl' is done.
20:50:42 INFO  : Context for 'APU' is selected.
20:50:43 INFO  : Hardware design information is loaded from '/home/francesco/Desktop/lab1/lab1/lab1.sdk/system_wrapper_hw_platform_0/system.hdf'.
20:50:43 INFO  : 'configparams force-mem-access 1' command is executed.
20:50:43 INFO  : Context for 'APU' is selected.
20:50:43 INFO  : 'stop' command is executed.
20:50:56 INFO  : 'ps7_init' command is executed.
20:50:56 INFO  : 'ps7_post_config' command is executed.
20:50:56 INFO  : Context for processor 'ps7_cortexa9_0' is selected.
20:50:57 INFO  : Processor reset is completed for 'ps7_cortexa9_0'.
20:50:57 INFO  : Context for processor 'ps7_cortexa9_0' is selected.
20:50:57 INFO  : The application '/home/francesco/Desktop/lab1/lab1/lab1.sdk/mem_test/Debug/mem_test.elf' is downloaded to processor 'ps7_cortexa9_0'.
20:50:57 INFO  : 'configparams force-mem-access 0' command is executed.
20:50:57 INFO  : ----------------XSDB Script----------------
connect -path [list tcp::1534 tcp:lseserver.ddns.net:3121]
source /home/francesco/Desktop/lab1/lab1/lab1.sdk/system_wrapper_hw_platform_0/ps7_init.tcl
targets -set -nocase -filter {name =~"APU*" && jtag_cable_name =~ "Digilent Arty Z7 003017A4C81CA"} -index 0
loadhw -hw /home/francesco/Desktop/lab1/lab1/lab1.sdk/system_wrapper_hw_platform_0/system.hdf -mem-ranges [list {0x40000000 0xbfffffff}]
configparams force-mem-access 1
targets -set -nocase -filter {name =~"APU*" && jtag_cable_name =~ "Digilent Arty Z7 003017A4C81CA"} -index 0
stop
ps7_init
ps7_post_config
targets -set -nocase -filter {name =~ "ARM*#0" && jtag_cable_name =~ "Digilent Arty Z7 003017A4C81CA"} -index 0
rst -processor
targets -set -nocase -filter {name =~ "ARM*#0" && jtag_cable_name =~ "Digilent Arty Z7 003017A4C81CA"} -index 0
dow /home/francesco/Desktop/lab1/lab1/lab1.sdk/mem_test/Debug/mem_test.elf
configparams force-mem-access 0
----------------End of Script----------------

20:50:57 INFO  : Context for processor 'ps7_cortexa9_0' is selected.
20:50:57 INFO  : 'con' command is executed.
20:50:57 INFO  : ----------------XSDB Script (After Launch)----------------
targets -set -nocase -filter {name =~ "ARM*#0" && jtag_cable_name =~ "Digilent Arty Z7 003017A4C81CA"} -index 0
con
----------------End of Script----------------

20:50:57 INFO  : Launch script is exported to file '/home/francesco/Desktop/lab1/lab1/lab1.sdk/.sdk/launch_scripts/xilinx_c-c++_application_(system_debugger)/system_debugger_using_debug_mem_test.elf_on_local.tcl'
20:51:22 INFO  : Disconnected from the channel tcfchan#2.
22:21:04 INFO  : Registering command handlers for SDK TCF services
22:21:05 INFO  : Launching XSCT server: xsct -n -interactive /home/francesco/Desktop/lab2/lab2/lab2.sdk/temp_xsdb_launch_script.tcl
22:21:06 INFO  : XSCT server has started successfully.
22:21:06 INFO  : Successfully done setting XSCT server connection channel  
22:21:06 INFO  : Successfully done setting SDK workspace  
22:21:06 INFO  : Processing command line option -hwspec /home/francesco/Desktop/lab2/lab2/lab2.sdk/system_wrapper.hdf.
22:26:50 INFO  : Connected through redirection to target on host 'lseserver.ddns.net' and port '3121'.
22:26:51 WARN  : SDK version '2018.1' doesn't match hw_server version '2022.1'. Some debug features may not work.
22:26:56 INFO  : Jtag cable 'Digilent Arty Z7 003017A4C81CA' is selected.
22:26:57 INFO  : 'jtag frequency' command is executed.
22:26:57 INFO  : Sourcing of '/home/francesco/Desktop/lab2/lab2/lab2.sdk/system_wrapper_hw_platform_1/ps7_init.tcl' is done.
22:26:57 INFO  : 'targets -set -filter {jtag_cable_name =~ "Digilent Arty Z7 003017A4C81CA" && level==0} -index 1' command is executed.
22:26:59 INFO  : FPGA configured successfully with bitstream "/home/francesco/Desktop/lab2/lab2/lab2.sdk/system_wrapper_hw_platform_1/system_wrapper.bit"
22:26:59 INFO  : Context for 'APU' is selected.
22:27:00 INFO  : Hardware design information is loaded from '/home/francesco/Desktop/lab2/lab2/lab2.sdk/system_wrapper_hw_platform_1/system.hdf'.
22:27:00 INFO  : 'configparams force-mem-access 1' command is executed.
22:27:00 INFO  : Context for 'APU' is selected.
22:27:01 INFO  : 'stop' command is executed.
22:27:16 INFO  : 'ps7_init' command is executed.
22:27:16 INFO  : 'ps7_post_config' command is executed.
22:27:16 INFO  : Context for processor 'ps7_cortexa9_0' is selected.
22:27:17 INFO  : Processor reset is completed for 'ps7_cortexa9_0'.
22:27:17 INFO  : Context for processor 'ps7_cortexa9_0' is selected.
22:27:17 INFO  : The application '/home/francesco/Desktop/lab2/lab2/lab2.sdk/TestApp/Debug/TestApp.elf' is downloaded to processor 'ps7_cortexa9_0'.
22:27:17 INFO  : 'configparams force-mem-access 0' command is executed.
22:27:17 INFO  : ----------------XSDB Script----------------
connect -path [list tcp::1534 tcp:lseserver.ddns.net:3121]
source /home/francesco/Desktop/lab2/lab2/lab2.sdk/system_wrapper_hw_platform_1/ps7_init.tcl
targets -set -filter {jtag_cable_name =~ "Digilent Arty Z7 003017A4C81CA" && level==0} -index 1
fpga -file /home/francesco/Desktop/lab2/lab2/lab2.sdk/system_wrapper_hw_platform_1/system_wrapper.bit
targets -set -nocase -filter {name =~"APU*" && jtag_cable_name =~ "Digilent Arty Z7 003017A4C81CA"} -index 0
loadhw -hw /home/francesco/Desktop/lab2/lab2/lab2.sdk/system_wrapper_hw_platform_1/system.hdf -mem-ranges [list {0x40000000 0xbfffffff}]
configparams force-mem-access 1
targets -set -nocase -filter {name =~"APU*" && jtag_cable_name =~ "Digilent Arty Z7 003017A4C81CA"} -index 0
stop
ps7_init
ps7_post_config
targets -set -nocase -filter {name =~ "ARM*#0" && jtag_cable_name =~ "Digilent Arty Z7 003017A4C81CA"} -index 0
rst -processor
targets -set -nocase -filter {name =~ "ARM*#0" && jtag_cable_name =~ "Digilent Arty Z7 003017A4C81CA"} -index 0
dow /home/francesco/Desktop/lab2/lab2/lab2.sdk/TestApp/Debug/TestApp.elf
configparams force-mem-access 0
----------------End of Script----------------

22:27:18 INFO  : Memory regions updated for context APU
22:27:18 INFO  : Context for processor 'ps7_cortexa9_0' is selected.
22:27:18 INFO  : 'con' command is executed.
22:27:18 INFO  : ----------------XSDB Script (After Launch)----------------
targets -set -nocase -filter {name =~ "ARM*#0" && jtag_cable_name =~ "Digilent Arty Z7 003017A4C81CA"} -index 0
con
----------------End of Script----------------

22:27:18 INFO  : Launch script is exported to file '/home/francesco/Desktop/lab2/lab2/lab2.sdk/.sdk/launch_scripts/xilinx_c-c++_application_(system_debugger)/system_debugger_using_debug_testapp.elf_on_local.tcl'
