Copyright 1986-2018 Xilinx, Inc. All Rights Reserved.
----------------------------------------------------------------------------------------------------------------------------------------------------------------
| Tool Version     : Vivado v.2018.1 (lin64) Build 2188600 Wed Apr  4 18:39:19 MDT 2018
| Date             : Tue Nov 28 16:27:15 2023
| Host             : francescosLaptop running 64-bit Ubuntu 22.04.3 LTS
| Command          : report_power -file system_wrapper_power_routed.rpt -pb system_wrapper_power_summary_routed.pb -rpx system_wrapper_power_routed.rpx
| Design           : system_wrapper
| Device           : xc7z010clg400-1
| Design State     : routed
| Grade            : commercial
| Process          : typical
| Characterization : Production
----------------------------------------------------------------------------------------------------------------------------------------------------------------

Power Report

Table of Contents
-----------------
1. Summary
1.1 On-Chip Components
1.2 Power Supply Summary
1.3 Confidence Level
2. Settings
2.1 Environment
2.2 Clock Constraints
3. Detailed Reports
3.1 By Hierarchy

1. Summary
----------

+--------------------------+--------------+
| Total On-Chip Power (W)  | 1.513        |
| Design Power Budget (W)  | Unspecified* |
| Power Budget Margin (W)  | NA           |
| Dynamic (W)              | 1.396        |
| Device Static (W)        | 0.117        |
| Effective TJA (C/W)      | 11.5         |
| Max Ambient (C)          | 67.5         |
| Junction Temperature (C) | 42.5         |
| Confidence Level         | Medium       |
| Setting File             | ---          |
| Simulation Activity File | ---          |
| Design Nets Matched      | NA           |
+--------------------------+--------------+
* Specify Design Power Budget using, set_operating_conditions -design_power_budget <value in Watts>


1.1 On-Chip Components
----------------------

+--------------------------+-----------+----------+-----------+-----------------+
| On-Chip                  | Power (W) | Used     | Available | Utilization (%) |
+--------------------------+-----------+----------+-----------+-----------------+
| Clocks                   |     0.015 |        7 |       --- |             --- |
| Slice Logic              |     0.004 |     5674 |       --- |             --- |
|   LUT as Logic           |     0.004 |     1969 |     17600 |           11.19 |
|   Register               |    <0.001 |     2685 |     35200 |            7.63 |
|   CARRY4                 |    <0.001 |       54 |      4400 |            1.23 |
|   LUT as Distributed RAM |    <0.001 |       24 |      6000 |            0.40 |
|   LUT as Shift Register  |    <0.001 |      119 |      6000 |            1.98 |
|   Others                 |     0.000 |      391 |       --- |             --- |
| Signals                  |     0.010 |     4203 |       --- |             --- |
| Block RAM                |     0.002 |        2 |        60 |            3.33 |
| MMCM                     |     0.106 |        1 |         2 |           50.00 |
| I/O                      |    <0.001 |        1 |       100 |            1.00 |
| PS7                      |     1.259 |        1 |       --- |             --- |
| Static Power             |     0.117 |          |           |                 |
| Total                    |     1.513 |          |           |                 |
+--------------------------+-----------+----------+-----------+-----------------+


1.2 Power Supply Summary
------------------------

+-----------+-------------+-----------+-------------+------------+
| Source    | Voltage (V) | Total (A) | Dynamic (A) | Static (A) |
+-----------+-------------+-----------+-------------+------------+
| Vccint    |       1.000 |     0.038 |       0.031 |      0.007 |
| Vccaux    |       1.800 |     0.066 |       0.059 |      0.008 |
| Vcco33    |       3.300 |     0.000 |       0.000 |      0.000 |
| Vcco25    |       2.500 |     0.000 |       0.000 |      0.000 |
| Vcco18    |       1.800 |     0.000 |       0.000 |      0.000 |
| Vcco15    |       1.500 |     0.000 |       0.000 |      0.000 |
| Vcco135   |       1.350 |     0.000 |       0.000 |      0.000 |
| Vcco12    |       1.200 |     0.000 |       0.000 |      0.000 |
| Vccaux_io |       1.800 |     0.000 |       0.000 |      0.000 |
| Vccbram   |       1.000 |     0.001 |       0.000 |      0.001 |
| MGTAVcc   |       1.000 |     0.000 |       0.000 |      0.000 |
| MGTAVtt   |       1.200 |     0.000 |       0.000 |      0.000 |
| MGTVccaux |       1.800 |     0.000 |       0.000 |      0.000 |
| Vccpint   |       1.000 |     0.680 |       0.652 |      0.028 |
| Vccpaux   |       1.800 |     0.036 |       0.026 |      0.010 |
| Vccpll    |       1.800 |     0.018 |       0.015 |      0.003 |
| Vcco_ddr  |       1.500 |     0.354 |       0.352 |      0.002 |
| Vcco_mio0 |       3.300 |     0.003 |       0.002 |      0.001 |
| Vcco_mio1 |       1.800 |     0.001 |       0.000 |      0.001 |
| Vccadc    |       1.800 |     0.020 |       0.000 |      0.020 |
+-----------+-------------+-----------+-------------+------------+


1.3 Confidence Level
--------------------

+-----------------------------+------------+------------------------------------------------+------------------------------------------------------------------------------------------------------------+
| User Input Data             | Confidence | Details                                        | Action                                                                                                     |
+-----------------------------+------------+------------------------------------------------+------------------------------------------------------------------------------------------------------------+
| Design implementation state | High       | Design is routed                               |                                                                                                            |
| Clock nodes activity        | High       | User specified more than 95% of clocks         |                                                                                                            |
| I/O nodes activity          | High       | User specified more than 95% of inputs         |                                                                                                            |
| Internal nodes activity     | Medium     | User specified less than 25% of internal nodes | Provide missing internal nodes activity with simulation results or by editing the "By Resource Type" views |
| Device models               | High       | Device models are Production                   |                                                                                                            |
|                             |            |                                                |                                                                                                            |
| Overall confidence level    | Medium     |                                                |                                                                                                            |
+-----------------------------+------------+------------------------------------------------+------------------------------------------------------------------------------------------------------------+


2. Settings
-----------

2.1 Environment
---------------

+-----------------------+------------------------+
| Ambient Temp (C)      | 25.0                   |
| ThetaJA (C/W)         | 11.5                   |
| Airflow (LFM)         | 250                    |
| Heat Sink             | none                   |
| ThetaSA (C/W)         | 0.0                    |
| Board Selection       | medium (10"x10")       |
| # of Board Layers     | 8to11 (8 to 11 Layers) |
| Board Temperature (C) | 25.0                   |
+-----------------------+------------------------+


2.2 Clock Constraints
---------------------

+--------------------------------------------------------------------------------------------+----------------------------------------------------------------------+-----------------+
| Clock                                                                                      | Domain                                                               | Constraint (ns) |
+--------------------------------------------------------------------------------------------+----------------------------------------------------------------------+-----------------+
| clk_fpga_0                                                                                 | system_i/processing_system7_0/inst/FCLK_CLK0                         |            10.0 |
| clk_out1_system_clk_wiz_0                                                                  | system_i/clk_wiz/inst/clk_out1_system_clk_wiz_0                      |            10.0 |
| clkfbout_system_clk_wiz_0                                                                  | system_i/clk_wiz/inst/clkfbout_system_clk_wiz_0                      |             8.0 |
| dbg_hub/inst/BSCANID.u_xsdbm_id/SWITCH_N_EXT_BSCAN.bscan_inst/SERIES7_BSCAN.bscan_inst/TCK | dbg_hub/inst/BSCANID.u_xsdbm_id/SWITCH_N_EXT_BSCAN.bscan_inst/tck_bs |            33.0 |
| sys_clock                                                                                  | sys_clock                                                            |             8.0 |
+--------------------------------------------------------------------------------------------+----------------------------------------------------------------------+-----------------+


3. Detailed Reports
-------------------

3.1 By Hierarchy
----------------

+------------------------------------------------------------------------------------+-----------+
| Name                                                                               | Power (W) |
+------------------------------------------------------------------------------------+-----------+
| system_wrapper                                                                     |     1.396 |
|   dbg_hub                                                                          |     0.003 |
|     inst                                                                           |     0.003 |
|       BSCANID.u_xsdbm_id                                                           |     0.003 |
|         CORE_XSDB.UUT_MASTER                                                       |     0.003 |
|           U_ICON_INTERFACE                                                         |     0.002 |
|             U_CMD1                                                                 |    <0.001 |
|             U_CMD2                                                                 |    <0.001 |
|             U_CMD3                                                                 |    <0.001 |
|             U_CMD4                                                                 |    <0.001 |
|             U_CMD5                                                                 |    <0.001 |
|             U_CMD6_RD                                                              |    <0.001 |
|               U_RD_FIFO                                                            |    <0.001 |
|                 SUBCORE_FIFO.xsdbm_v3_0_0_rdfifo_inst                              |    <0.001 |
|                   inst_fifo_gen                                                    |    <0.001 |
|                     gconvfifo.rf                                                   |    <0.001 |
|                       grf.rf                                                       |    <0.001 |
|                         gntv_or_sync_fifo.gcx.clkx                                 |    <0.001 |
|                           gnxpm_cdc.gsync_stage[1].rd_stg_inst                     |    <0.001 |
|                           gnxpm_cdc.gsync_stage[1].wr_stg_inst                     |    <0.001 |
|                           gnxpm_cdc.gsync_stage[2].rd_stg_inst                     |    <0.001 |
|                           gnxpm_cdc.gsync_stage[2].wr_stg_inst                     |    <0.001 |
|                         gntv_or_sync_fifo.gl0.rd                                   |    <0.001 |
|                           gr1.gr1_int.rfwft                                        |    <0.001 |
|                           gras.rsts                                                |    <0.001 |
|                           rpntr                                                    |    <0.001 |
|                         gntv_or_sync_fifo.gl0.wr                                   |    <0.001 |
|                           gwas.wsts                                                |    <0.001 |
|                           wpntr                                                    |    <0.001 |
|                         gntv_or_sync_fifo.mem                                      |    <0.001 |
|                           gdm.dm_gen.dm                                            |    <0.001 |
|                             RAM_reg_0_15_0_5                                       |    <0.001 |
|                             RAM_reg_0_15_12_15                                     |    <0.001 |
|                             RAM_reg_0_15_6_11                                      |    <0.001 |
|                         rstblk                                                     |    <0.001 |
|                           ngwrdrst.grst.g7serrst.gwrrd_rst_sync_stage[1].rrst_inst |    <0.001 |
|                           ngwrdrst.grst.g7serrst.gwrrd_rst_sync_stage[1].wrst_inst |    <0.001 |
|                           ngwrdrst.grst.g7serrst.gwrrd_rst_sync_stage[2].rrst_inst |    <0.001 |
|                           ngwrdrst.grst.g7serrst.gwrrd_rst_sync_stage[2].wrst_inst |    <0.001 |
|             U_CMD6_WR                                                              |    <0.001 |
|               U_WR_FIFO                                                            |    <0.001 |
|                 SUBCORE_FIFO.xsdbm_v3_0_0_wrfifo_inst                              |    <0.001 |
|                   inst_fifo_gen                                                    |    <0.001 |
|                     gconvfifo.rf                                                   |    <0.001 |
|                       grf.rf                                                       |    <0.001 |
|                         gntv_or_sync_fifo.gcx.clkx                                 |    <0.001 |
|                           gnxpm_cdc.gsync_stage[1].rd_stg_inst                     |    <0.001 |
|                           gnxpm_cdc.gsync_stage[1].wr_stg_inst                     |    <0.001 |
|                           gnxpm_cdc.gsync_stage[2].rd_stg_inst                     |    <0.001 |
|                           gnxpm_cdc.gsync_stage[2].wr_stg_inst                     |    <0.001 |
|                         gntv_or_sync_fifo.gl0.rd                                   |    <0.001 |
|                           gras.rsts                                                |    <0.001 |
|                           rpntr                                                    |    <0.001 |
|                         gntv_or_sync_fifo.gl0.wr                                   |    <0.001 |
|                           gwas.wsts                                                |    <0.001 |
|                           wpntr                                                    |    <0.001 |
|                         gntv_or_sync_fifo.mem                                      |    <0.001 |
|                           gdm.dm_gen.dm                                            |    <0.001 |
|                             RAM_reg_0_15_0_5                                       |    <0.001 |
|                             RAM_reg_0_15_12_15                                     |    <0.001 |
|                             RAM_reg_0_15_6_11                                      |    <0.001 |
|                         rstblk                                                     |    <0.001 |
|                           ngwrdrst.grst.g7serrst.gwrrd_rst_sync_stage[1].rrst_inst |    <0.001 |
|                           ngwrdrst.grst.g7serrst.gwrrd_rst_sync_stage[1].wrst_inst |    <0.001 |
|                           ngwrdrst.grst.g7serrst.gwrrd_rst_sync_stage[2].rrst_inst |    <0.001 |
|                           ngwrdrst.grst.g7serrst.gwrrd_rst_sync_stage[2].wrst_inst |    <0.001 |
|             U_CMD7_CTL                                                             |    <0.001 |
|             U_CMD7_STAT                                                            |    <0.001 |
|             U_STATIC_STATUS                                                        |    <0.001 |
|           U_XSDB_ADDRESS_CONTROLLER                                                |    <0.001 |
|           U_XSDB_BURST_WD_LEN_CONTROLLER                                           |    <0.001 |
|           U_XSDB_BUS_CONTROLLER                                                    |    <0.001 |
|             U_RD_ABORT_FLAG                                                        |    <0.001 |
|             U_RD_REQ_FLAG                                                          |    <0.001 |
|             U_TIMER                                                                |    <0.001 |
|           U_XSDB_BUS_MSTR2SL_PORT_IFACE                                            |    <0.001 |
|         CORE_XSDB.U_ICON                                                           |    <0.001 |
|           U_CMD                                                                    |    <0.001 |
|           U_STAT                                                                   |    <0.001 |
|           U_SYNC                                                                   |    <0.001 |
|         SWITCH_N_EXT_BSCAN.bscan_inst                                              |    <0.001 |
|         SWITCH_N_EXT_BSCAN.bscan_switch                                            |    <0.001 |
|   system_i                                                                         |     1.392 |
|     axi_bram_ctrl_0                                                                |     0.002 |
|       U0                                                                           |     0.002 |
|         gext_inst.abcv4_0_ext_inst                                                 |     0.002 |
|           GEN_AXI4.I_FULL_AXI                                                      |     0.002 |
|             GEN_ARB.I_SNG_PORT                                                     |    <0.001 |
|             I_RD_CHNL                                                              |     0.001 |
|               I_WRAP_BRST                                                          |    <0.001 |
|             I_WR_CHNL                                                              |    <0.001 |
|               BID_FIFO                                                             |    <0.001 |
|               I_WRAP_BRST                                                          |    <0.001 |
|     axi_bram_ctrl_0_bram                                                           |     0.002 |
|       U0                                                                           |     0.002 |
|         inst_blk_mem_gen                                                           |     0.002 |
|           gnbram.gnative_mem_map_bmg.native_mem_map_blk_mem_gen                    |     0.002 |
|             valid.cstr                                                             |     0.002 |
|               ramloop[0].ram.r                                                     |    <0.001 |
|                 prim_noinit.ram                                                    |    <0.001 |
|               ramloop[1].ram.r                                                     |    <0.001 |
|                 prim_noinit.ram                                                    |    <0.001 |
|     buttons                                                                        |    <0.001 |
|       U0                                                                           |    <0.001 |
|         AXI_LITE_IPIF_I                                                            |    <0.001 |
|           I_SLAVE_ATTACHMENT                                                       |    <0.001 |
|             I_DECODER                                                              |    <0.001 |
|               MEM_DECODE_GEN[0].PER_CE_GEN[0].MULTIPLE_CES_THIS_CS_GEN.CE_I        |    <0.001 |
|               MEM_DECODE_GEN[0].PER_CE_GEN[2].MULTIPLE_CES_THIS_CS_GEN.CE_I        |    <0.001 |
|         gpio_core_1                                                                |    <0.001 |
|           Not_Dual.INPUT_DOUBLE_REGS3                                              |    <0.001 |
|     clk_wiz                                                                        |     0.107 |
|       inst                                                                         |     0.107 |
|     led_pin                                                                        |     0.001 |
|       inst                                                                         |     0.001 |
|         led_ip_v1_0_S_AXI_inst                                                     |     0.001 |
|           U1                                                                       |    <0.001 |
|     processing_system7_0                                                           |     1.260 |
|       inst                                                                         |     1.260 |
|     ps7_0_axi_periph                                                               |     0.018 |
|       m00_couplers                                                                 |     0.005 |
|         auto_pc                                                                    |     0.005 |
|           inst                                                                     |     0.005 |
|             gen_axilite.gen_b2s_conv.axilite_b2s                                   |     0.005 |
|               RD.ar_channel_0                                                      |     0.001 |
|                 ar_cmd_fsm_0                                                       |    <0.001 |
|                 cmd_translator_0                                                   |    <0.001 |
|                   incr_cmd_0                                                       |    <0.001 |
|                   wrap_cmd_0                                                       |    <0.001 |
|               RD.r_channel_0                                                       |    <0.001 |
|                 rd_data_fifo_0                                                     |    <0.001 |
|                 transaction_fifo_0                                                 |    <0.001 |
|               SI_REG                                                               |     0.002 |
|                 ar.ar_pipe                                                         |    <0.001 |
|                 aw.aw_pipe                                                         |    <0.001 |
|                 b.b_pipe                                                           |    <0.001 |
|                 r.r_pipe                                                           |    <0.001 |
|               WR.aw_channel_0                                                      |     0.001 |
|                 aw_cmd_fsm_0                                                       |    <0.001 |
|                 cmd_translator_0                                                   |    <0.001 |
|                   incr_cmd_0                                                       |    <0.001 |
|                   wrap_cmd_0                                                       |    <0.001 |
|               WR.b_channel_0                                                       |    <0.001 |
|                 bid_fifo_0                                                         |    <0.001 |
|                 bresp_fifo_0                                                       |    <0.001 |
|       m01_couplers                                                                 |     0.006 |
|         auto_pc                                                                    |     0.006 |
|           inst                                                                     |     0.006 |
|             gen_axilite.gen_b2s_conv.axilite_b2s                                   |     0.006 |
|               RD.ar_channel_0                                                      |     0.001 |
|                 ar_cmd_fsm_0                                                       |    <0.001 |
|                 cmd_translator_0                                                   |     0.001 |
|                   incr_cmd_0                                                       |    <0.001 |
|                   wrap_cmd_0                                                       |    <0.001 |
|               RD.r_channel_0                                                       |    <0.001 |
|                 rd_data_fifo_0                                                     |    <0.001 |
|                 transaction_fifo_0                                                 |    <0.001 |
|               SI_REG                                                               |     0.002 |
|                 ar.ar_pipe                                                         |    <0.001 |
|                 aw.aw_pipe                                                         |    <0.001 |
|                 b.b_pipe                                                           |    <0.001 |
|                 r.r_pipe                                                           |    <0.001 |
|               WR.aw_channel_0                                                      |     0.001 |
|                 aw_cmd_fsm_0                                                       |    <0.001 |
|                 cmd_translator_0                                                   |    <0.001 |
|                   incr_cmd_0                                                       |    <0.001 |
|                   wrap_cmd_0                                                       |    <0.001 |
|               WR.b_channel_0                                                       |    <0.001 |
|                 bid_fifo_0                                                         |    <0.001 |
|                 bresp_fifo_0                                                       |    <0.001 |
|       m02_couplers                                                                 |     0.005 |
|         auto_pc                                                                    |     0.005 |
|           inst                                                                     |     0.005 |
|             gen_axilite.gen_b2s_conv.axilite_b2s                                   |     0.005 |
|               RD.ar_channel_0                                                      |     0.001 |
|                 ar_cmd_fsm_0                                                       |    <0.001 |
|                 cmd_translator_0                                                   |    <0.001 |
|                   incr_cmd_0                                                       |    <0.001 |
|                   wrap_cmd_0                                                       |    <0.001 |
|               RD.r_channel_0                                                       |    <0.001 |
|                 rd_data_fifo_0                                                     |    <0.001 |
|                 transaction_fifo_0                                                 |    <0.001 |
|               SI_REG                                                               |     0.002 |
|                 ar.ar_pipe                                                         |    <0.001 |
|                 aw.aw_pipe                                                         |    <0.001 |
|                 b.b_pipe                                                           |    <0.001 |
|                 r.r_pipe                                                           |    <0.001 |
|               WR.aw_channel_0                                                      |    <0.001 |
|                 aw_cmd_fsm_0                                                       |    <0.001 |
|                 cmd_translator_0                                                   |    <0.001 |
|                   incr_cmd_0                                                       |    <0.001 |
|                   wrap_cmd_0                                                       |    <0.001 |
|               WR.b_channel_0                                                       |    <0.001 |
|                 bid_fifo_0                                                         |    <0.001 |
|                 bresp_fifo_0                                                       |    <0.001 |
|       s00_couplers                                                                 |     0.000 |
|         auto_pc                                                                    |     0.000 |
|           inst                                                                     |     0.000 |
|       xbar                                                                         |     0.002 |
|         inst                                                                       |     0.002 |
|           gen_sasd.crossbar_sasd_0                                                 |     0.002 |
|             addr_arbiter_inst                                                      |    <0.001 |
|             gen_decerr.decerr_slave_inst                                           |    <0.001 |
|             reg_slice_r                                                            |    <0.001 |
|             splitter_ar                                                            |    <0.001 |
|             splitter_aw                                                            |    <0.001 |
|     rst_ps7_0_100M                                                                 |    <0.001 |
|       U0                                                                           |    <0.001 |
|         EXT_LPF                                                                    |    <0.001 |
|           ACTIVE_LOW_AUX.ACT_LO_AUX                                                |    <0.001 |
|           ACTIVE_LOW_EXT.ACT_LO_EXT                                                |    <0.001 |
|         SEQ                                                                        |    <0.001 |
|           SEQ_COUNTER                                                              |    <0.001 |
|     switches                                                                       |    <0.001 |
|       U0                                                                           |    <0.001 |
|         AXI_LITE_IPIF_I                                                            |    <0.001 |
|           I_SLAVE_ATTACHMENT                                                       |    <0.001 |
|             I_DECODER                                                              |    <0.001 |
|               MEM_DECODE_GEN[0].PER_CE_GEN[0].MULTIPLE_CES_THIS_CS_GEN.CE_I        |    <0.001 |
|               MEM_DECODE_GEN[0].PER_CE_GEN[2].MULTIPLE_CES_THIS_CS_GEN.CE_I        |    <0.001 |
|         gpio_core_1                                                                |    <0.001 |
|           Not_Dual.INPUT_DOUBLE_REGS3                                              |    <0.001 |
|     vio                                                                            |     0.002 |
|       inst                                                                         |     0.002 |
|         DECODER_INST                                                               |    <0.001 |
|         PROBE_IN_INST                                                              |    <0.001 |
|         PROBE_OUT_ALL_INST                                                         |    <0.001 |
|           G_PROBE_OUT[0].PROBE_OUT0_INST                                           |    <0.001 |
|           G_PROBE_OUT[1].PROBE_OUT0_INST                                           |    <0.001 |
|         U_XSDB_SLAVE                                                               |     0.001 |
+------------------------------------------------------------------------------------+-----------+


