21:28:06 INFO  : Registering command handlers for SDK TCF services
21:28:09 INFO  : Launching XSCT server: xsct -n -interactive /mnt/CE0A6A9D0A6A8277/Francesco/CESE_Course_Microarchitectures-and-Softcores/Labs/Lab/temp_xsdb_launch_script.tcl
21:28:10 INFO  : XSCT server has started successfully.
21:28:10 INFO  : Successfully done setting XSCT server connection channel  
21:28:10 INFO  : Successfully done setting SDK workspace  
21:28:10 INFO  : Processing command line option -hwspec /mnt/CE0A6A9D0A6A8277/Francesco/CESE_Course_Microarchitectures-and-Softcores/Labs/Lab.
21:28:11 ERROR : Error occurred while creating hardware platform Lab_hw_platform_0 from sysdef
java.io.FileNotFoundException: /mnt/CE0A6A9D0A6A8277/Francesco/CESE_Course_Microarchitectures-and-Softcores/Labs/Lab (Is a directory)
	at java.io.FileInputStream.open0(Native Method)
	at java.io.FileInputStream.open(FileInputStream.java:195)
	at java.io.FileInputStream.<init>(FileInputStream.java:138)
	at java.io.FileInputStream.<init>(FileInputStream.java:93)
	at com.xilinx.sdk.hw.internal.HwProjectCreator.createHwProjectFromZip(HwProjectCreator.java:100)
	at com.xilinx.sdk.hw.HwProjectUtil.internalCreate(HwProjectUtil.java:266)
	at com.xilinx.sdk.hw.HwProjectUtil.makeNewHardwareProject(HwProjectUtil.java:210)
	at com.xilinx.sdk.hw.HwProjectUtil.makeNewHardwareProject(HwProjectUtil.java:197)
	at com.xilinx.sdk.hw.HwProjectUtil.makeNewHardwareProject(HwProjectUtil.java:171)
	at com.xilinx.sdk.startup.InitSDK.processHwSpecArgumentTask(InitSDK.java:515)
	at com.xilinx.sdk.startup.InitSDK.access$8(InitSDK.java:497)
	at com.xilinx.sdk.startup.InitSDK$12.run(InitSDK.java:448)
	at org.eclipse.core.internal.jobs.Worker.run(Worker.java:55)
21:28:11 ERROR : Unable to create Hardware Specification Project with specification file: /mnt/CE0A6A9D0A6A8277/Francesco/CESE_Course_Microarchitectures-and-Softcores/Labs/Lab
21:36:18 INFO  : Registering command handlers for SDK TCF services
21:36:19 INFO  : Launching XSCT server: xsct -n -interactive /mnt/CE0A6A9D0A6A8277/Francesco/CESE_Course_Microarchitectures-and-Softcores/Labs/Lab/temp_xsdb_launch_script.tcl
21:36:20 INFO  : XSCT server has started successfully.
21:36:20 INFO  : Successfully done setting XSCT server connection channel  
21:36:20 INFO  : Successfully done setting SDK workspace  
21:36:20 INFO  : Processing command line option -hwspec /mnt/CE0A6A9D0A6A8277/Francesco/CESE_Course_Microarchitectures-and-Softcores/Labs/Lab.
21:36:20 ERROR : Error occurred while creating hardware platform Lab_hw_platform_1 from sysdef
java.io.FileNotFoundException: /mnt/CE0A6A9D0A6A8277/Francesco/CESE_Course_Microarchitectures-and-Softcores/Labs/Lab (Is a directory)
	at java.io.FileInputStream.open0(Native Method)
	at java.io.FileInputStream.open(FileInputStream.java:195)
	at java.io.FileInputStream.<init>(FileInputStream.java:138)
	at java.io.FileInputStream.<init>(FileInputStream.java:93)
	at com.xilinx.sdk.hw.internal.HwProjectCreator.createHwProjectFromZip(HwProjectCreator.java:100)
	at com.xilinx.sdk.hw.HwProjectUtil.internalCreate(HwProjectUtil.java:266)
	at com.xilinx.sdk.hw.HwProjectUtil.makeNewHardwareProject(HwProjectUtil.java:210)
	at com.xilinx.sdk.hw.HwProjectUtil.makeNewHardwareProject(HwProjectUtil.java:197)
	at com.xilinx.sdk.hw.HwProjectUtil.makeNewHardwareProject(HwProjectUtil.java:171)
	at com.xilinx.sdk.startup.InitSDK.processHwSpecArgumentTask(InitSDK.java:515)
	at com.xilinx.sdk.startup.InitSDK.access$8(InitSDK.java:497)
	at com.xilinx.sdk.startup.InitSDK$12.run(InitSDK.java:448)
	at org.eclipse.core.internal.jobs.Worker.run(Worker.java:55)
21:36:20 ERROR : Unable to create Hardware Specification Project with specification file: /mnt/CE0A6A9D0A6A8277/Francesco/CESE_Course_Microarchitectures-and-Softcores/Labs/Lab
21:38:59 INFO  : Registering command handlers for SDK TCF services
21:39:00 INFO  : Launching XSCT server: xsct -n -interactive /mnt/CE0A6A9D0A6A8277/Francesco/CESE_Course_Microarchitectures-and-Softcores/Labs/Lab/temp_xsdb_launch_script.tcl
21:39:01 INFO  : XSCT server has started successfully.
21:39:01 INFO  : Successfully done setting XSCT server connection channel  
21:39:01 INFO  : Successfully done setting SDK workspace  
21:39:01 INFO  : Processing command line option -hwspec /mnt/CE0A6A9D0A6A8277/Francesco/CESE_Course_Microarchitectures-and-Softcores/Labs/Lab.
21:39:01 ERROR : Error occurred while creating hardware platform Lab_hw_platform_2 from sysdef
java.io.FileNotFoundException: /mnt/CE0A6A9D0A6A8277/Francesco/CESE_Course_Microarchitectures-and-Softcores/Labs/Lab (Is a directory)
	at java.io.FileInputStream.open0(Native Method)
	at java.io.FileInputStream.open(FileInputStream.java:195)
	at java.io.FileInputStream.<init>(FileInputStream.java:138)
	at java.io.FileInputStream.<init>(FileInputStream.java:93)
	at com.xilinx.sdk.hw.internal.HwProjectCreator.createHwProjectFromZip(HwProjectCreator.java:100)
	at com.xilinx.sdk.hw.HwProjectUtil.internalCreate(HwProjectUtil.java:266)
	at com.xilinx.sdk.hw.HwProjectUtil.makeNewHardwareProject(HwProjectUtil.java:210)
	at com.xilinx.sdk.hw.HwProjectUtil.makeNewHardwareProject(HwProjectUtil.java:197)
	at com.xilinx.sdk.hw.HwProjectUtil.makeNewHardwareProject(HwProjectUtil.java:171)
	at com.xilinx.sdk.startup.InitSDK.processHwSpecArgumentTask(InitSDK.java:515)
	at com.xilinx.sdk.startup.InitSDK.access$8(InitSDK.java:497)
	at com.xilinx.sdk.startup.InitSDK$12.run(InitSDK.java:448)
	at org.eclipse.core.internal.jobs.Worker.run(Worker.java:55)
21:39:01 ERROR : Unable to create Hardware Specification Project with specification file: /mnt/CE0A6A9D0A6A8277/Francesco/CESE_Course_Microarchitectures-and-Softcores/Labs/Lab
